<?xml version="1.0" encoding="UTF-8"?>
<!-- Generated by org.testng.reporters.JUnitReportReporter -->
<testsuite hostname="LAPTOP-P4APU0LT" failures="0" tests="1" name="simpleProcess.Hello" time="0.009" errors="0" timestamp="2021-01-26T11:56:07 IST" skipped="0">
  <testcase classname="simpleProcess.Hello" name="l" time="0.009"/>
  <system-out/>
</testsuite> <!-- simpleProcess.Hello -->
